> Task :compileJava
> Task :processResources UP-TO-DATE
> Task :classes
> Task :resolveMainClassName

> Task :bootRun
  .   ____          _            __ _ _
 /\\ / ___'_ __ _ _(_)_ __  __ _ \ \ \ \
( ( )\___ | '_ | '_| | '_ \/ _` | \ \ \ \
 \\/  ___)| |_)| | | | | || (_| |  ) ) ) )
  '  |____| .__|_| |_|_| |_\__, | / / / /
 =========|_|==============|___/=/_/_/_/

 :: Spring Boot ::                (v3.3.0)

2026-07-13T19:55:14.609-03:00  INFO 283025 --- [abertamente_cms] [           main] c.AbertamenteCmsApplication              : Starting AbertamenteCmsApplication using Java 21.0.11 with PID 283025 (/mnt/sda2/sandbox/java/abertamente_cms/build/classes/java/main started by hugo in /mnt/sda2/sandbox/java/abertamente_cms)
2026-07-13T19:55:14.612-03:00  INFO 283025 --- [abertamente_cms] [           main] c.AbertamenteCmsApplication              : No active profile set, falling back to 1 default profile: "default"
2026-07-13T19:55:15.660-03:00  INFO 283025 --- [abertamente_cms] [           main] .s.d.r.c.RepositoryConfigurationDelegate : Bootstrapping Spring Data JPA repositories in DEFAULT mode.
2026-07-13T19:55:15.780-03:00  INFO 283025 --- [abertamente_cms] [           main] .s.d.r.c.RepositoryConfigurationDelegate : Finished Spring Data repository scanning in 111 ms. Found 5 JPA repository interfaces.
2026-07-13T19:55:17.099-03:00  INFO 283025 --- [abertamente_cms] [           main] o.s.b.w.embedded.tomcat.TomcatWebServer  : Tomcat initialized with port 8080 (http)
2026-07-13T19:55:17.118-03:00  INFO 283025 --- [abertamente_cms] [           main] o.apache.catalina.core.StandardService   : Starting service [Tomcat]
2026-07-13T19:55:17.119-03:00  INFO 283025 --- [abertamente_cms] [           main] o.apache.catalina.core.StandardEngine    : Starting Servlet engine: [Apache Tomcat/10.1.24]
2026-07-13T19:55:17.181-03:00  INFO 283025 --- [abertamente_cms] [           main] o.a.c.c.C.[Tomcat].[localhost].[/]       : Initializing Spring embedded WebApplicationContext
2026-07-13T19:55:17.182-03:00  INFO 283025 --- [abertamente_cms] [           main] w.s.c.ServletWebServerApplicationContext : Root WebApplicationContext: initialization completed in 2514 ms
2026-07-13T19:55:17.454-03:00  INFO 283025 --- [abertamente_cms] [           main] com.zaxxer.hikari.HikariDataSource       : HikariPool-1 - Starting...
2026-07-13T19:55:17.656-03:00  INFO 283025 --- [abertamente_cms] [           main] com.zaxxer.hikari.pool.HikariPool        : HikariPool-1 - Added connection org.postgresql.jdbc.PgConnection@2d4a3e13
2026-07-13T19:55:17.658-03:00  INFO 283025 --- [abertamente_cms] [           main] com.zaxxer.hikari.HikariDataSource       : HikariPool-1 - Start completed.
2026-07-13T19:55:17.696-03:00  INFO 283025 --- [abertamente_cms] [           main] org.flywaydb.core.FlywayExecutor         : Database: jdbc:postgresql://localhost:5432/abertamente_cms (PostgreSQL 15.18)
2026-07-13T19:55:17.765-03:00  INFO 283025 --- [abertamente_cms] [           main] o.f.core.internal.command.DbValidate     : Successfully validated 6 migrations (execution time 00:00.040s)
2026-07-13T19:55:17.803-03:00  INFO 283025 --- [abertamente_cms] [           main] o.f.core.internal.command.DbMigrate      : Current version of schema "public": 5
2026-07-13T19:55:17.807-03:00  INFO 283025 --- [abertamente_cms] [           main] o.f.core.internal.command.DbMigrate      : Schema "public" is up to date. No migration necessary.
2026-07-13T19:55:17.941-03:00  INFO 283025 --- [abertamente_cms] [           main] o.hibernate.jpa.internal.util.LogHelper  : HHH000204: Processing PersistenceUnitInfo [name: default]
2026-07-13T19:55:18.015-03:00  INFO 283025 --- [abertamente_cms] [           main] org.hibernate.Version                    : HHH000412: Hibernate ORM core version 6.5.2.Final
2026-07-13T19:55:18.056-03:00  INFO 283025 --- [abertamente_cms] [           main] o.h.c.internal.RegionFactoryInitiator    : HHH000026: Second-level cache disabled
2026-07-13T19:55:18.512-03:00  INFO 283025 --- [abertamente_cms] [           main] o.s.o.j.p.SpringPersistenceUnitInfo      : No LoadTimeWeaver setup: ignoring JPA class transformer
2026-07-13T19:55:20.071-03:00  INFO 283025 --- [abertamente_cms] [           main] o.h.e.t.j.p.i.JtaPlatformInitiator       : HHH000489: No JTA platform available (set 'hibernate.transaction.jta.platform' to enable JTA platform integration)
2026-07-13T19:55:20.143-03:00  INFO 283025 --- [abertamente_cms] [           main] j.LocalContainerEntityManagerFactoryBean : Initialized JPA EntityManagerFactory for persistence unit 'default'
2026-07-13T19:55:20.679-03:00  WARN 283025 --- [abertamente_cms] [           main] JpaBaseConfiguration$JpaWebConfiguration : spring.jpa.open-in-view is enabled by default. Therefore, database queries may be performed during view rendering. Explicitly configure spring.jpa.open-in-view to disable this warning
2026-07-13T19:55:20.942-03:00  INFO 283025 --- [abertamente_cms] [           main] r$InitializeUserDetailsManagerConfigurer : Global AuthenticationManager configured with UserDetailsService bean with name customUserDetailsService
2026-07-13T19:55:21.441-03:00  INFO 283025 --- [abertamente_cms] [           main] o.s.s.web.DefaultSecurityFilterChain     : Will secure any request with [org.springframework.security.web.session.DisableEncodeUrlFilter@38f7a20, org.springframework.security.web.context.request.async.WebAsyncManagerIntegrationFilter@2c39c520, org.springframework.security.web.context.SecurityContextHolderFilter@633dce39, org.springframework.security.web.header.HeaderWriterFilter@1e8c9083, org.springframework.web.filter.CorsFilter@c50503e, org.springframework.security.web.authentication.logout.LogoutFilter@48463900, com_abertamente_cms.security.JwtAuthenticationFilter@38affd02, org.springframework.security.web.savedrequest.RequestCacheAwareFilter@1e8c741c, org.springframework.security.web.servletapi.SecurityContextHolderAwareRequestFilter@3e866323, org.springframework.security.web.authentication.AnonymousAuthenticationFilter@4ac2b4c6, org.springframework.security.web.session.SessionManagementFilter@3393aa46, org.springframework.security.web.access.ExceptionTranslationFilter@30fffb53, org.springframework.security.web.access.intercept.AuthorizationFilter@77eb0e47]
2026-07-13T19:55:21.815-03:00  INFO 283025 --- [abertamente_cms] [           main] o.s.b.w.embedded.tomcat.TomcatWebServer  : Tomcat started on port 8080 (http) with context path '/'
2026-07-13T19:55:21.826-03:00  INFO 283025 --- [abertamente_cms] [           main] c.AbertamenteCmsApplication              : Started AbertamenteCmsApplication in 7.824 seconds (process running for 8.286)
Hibernate: 
    select
        r1_0.id,
        r1_0.created_at,
        r1_0.created_by,
        r1_0.deleted_at,
        r1_0.name,
        r1_0.updated_at,
        r1_0.updated_by 
    from
        roles r1_0 
    where
        r1_0.name=?
Hibernate: 
    select
        r1_0.id,
        r1_0.created_at,
        r1_0.created_by,
        r1_0.deleted_at,
        r1_0.name,
        r1_0.updated_at,
        r1_0.updated_by 
    from
        roles r1_0 
    where
        r1_0.name=?
Hibernate: 
    select
        u1_0.id,
        u1_0.avatar_path,
        u1_0.created_at,
        u1_0.created_by,
        u1_0.deleted_at,
        u1_0.email,
        u1_0.name,
        u1_0.password,
        r1_0.user_id,
        r1_1.id,
        r1_1.created_at,
        r1_1.created_by,
        r1_1.deleted_at,
        r1_1.name,
        r1_1.updated_at,
        r1_1.updated_by,
        u1_0.updated_at,
        u1_0.updated_by 
    from
        users u1_0 
    left join
        user_roles r1_0 
            on u1_0.id=r1_0.user_id 
    left join
        roles r1_1 
            on r1_1.id=r1_0.role_id 
    where
        u1_0.email=?
Hibernate: 
    select
        r1_0.id,
        r1_0.created_at,
        r1_0.created_by,
        r1_0.deleted_at,
        r1_0.name,
        r1_0.updated_at,
        r1_0.updated_by 
    from
        roles r1_0 
    where
        r1_0.name=?
Hibernate: 
    select
        r1_0.id,
        r1_0.created_at,
        r1_0.created_by,
        r1_0.deleted_at,
        r1_0.name,
        r1_0.updated_at,
        r1_0.updated_by 
    from
        roles r1_0 
    where
        r1_0.name=?
Hibernate: 
    select
        r1_0.id,
        r1_0.created_at,
        r1_0.created_by,
        r1_0.deleted_at,
        r1_0.name,
        r1_0.updated_at,
        r1_0.updated_by 
    from
        roles r1_0 
    where
        r1_0.name=?
Hibernate: 
    select
        u1_0.id,
        u1_0.avatar_path,
        u1_0.created_at,
        u1_0.created_by,
        u1_0.deleted_at,
        u1_0.email,
        u1_0.name,
        u1_0.password,
        r1_0.user_id,
        r1_1.id,
        r1_1.created_at,
        r1_1.created_by,
        r1_1.deleted_at,
        r1_1.name,
        r1_1.updated_at,
        r1_1.updated_by,
        u1_0.updated_at,
        u1_0.updated_by 
    from
        users u1_0 
    left join
        user_roles r1_0 
            on u1_0.id=r1_0.user_id 
    left join
        roles r1_1 
            on r1_1.id=r1_0.role_id 
    where
        u1_0.email=?
2026-07-13T19:55:30.757-03:00  INFO 283025 --- [abertamente_cms] [nio-8080-exec-1] o.a.c.c.C.[Tomcat].[localhost].[/]       : Initializing Spring DispatcherServlet 'dispatcherServlet'
2026-07-13T19:55:30.757-03:00  INFO 283025 --- [abertamente_cms] [nio-8080-exec-1] o.s.web.servlet.DispatcherServlet        : Initializing Servlet 'dispatcherServlet'
2026-07-13T19:55:30.759-03:00  INFO 283025 --- [abertamente_cms] [nio-8080-exec-1] o.s.web.servlet.DispatcherServlet        : Completed initialization in 2 ms
Hibernate: 
    select
        u1_0.id,
        u1_0.avatar_path,
        u1_0.created_at,
        u1_0.created_by,
        u1_0.deleted_at,
        u1_0.email,
        u1_0.name,
        u1_0.password,
        r1_0.user_id,
        r1_1.id,
        r1_1.created_at,
        r1_1.created_by,
        r1_1.deleted_at,
        r1_1.name,
        r1_1.updated_at,
        r1_1.updated_by,
        u1_0.updated_at,
        u1_0.updated_by 
    from
        users u1_0 
    left join
        user_roles r1_0 
            on u1_0.id=r1_0.user_id 
    left join
        roles r1_1 
            on r1_1.id=r1_0.role_id 
    where
        u1_0.email=?
Hibernate: 
    select
        u1_0.id,
        u1_0.avatar_path,
        u1_0.created_at,
        u1_0.created_by,
        u1_0.deleted_at,
        u1_0.email,
        u1_0.name,
        u1_0.password,
        r1_0.user_id,
        r1_1.id,
        r1_1.created_at,
        r1_1.created_by,
        r1_1.deleted_at,
        r1_1.name,
        r1_1.updated_at,
        r1_1.updated_by,
        u1_0.updated_at,
        u1_0.updated_by 
    from
        users u1_0 
    left join
        user_roles r1_0 
            on u1_0.id=r1_0.user_id 
    left join
        roles r1_1 
            on r1_1.id=r1_0.role_id 
    where
        u1_0.email=?
Hibernate: 
    select
        rt1_0.id,
        rt1_0.created_at,
        rt1_0.created_by,
        rt1_0.deleted_at,
        rt1_0.expiry_date,
        rt1_0.token,
        rt1_0.updated_at,
        rt1_0.updated_by,
        rt1_0.user_id 
    from
        refresh_tokens rt1_0 
    where
        rt1_0.user_id=?
